Determining if the pthread_create exist failed with the following output:
Change Dir: /home/melissa/Documentos/manchester/puzzlebot/build/CMakeFiles/CMakeTmp

Run Build Command:"/usr/bin/make" "cmTC_46b25/fast"
/usr/bin/make -f CMakeFiles/cmTC_46b25.dir/build.make CMakeFiles/cmTC_46b25.dir/build
make[1]: se entra en el directorio '/home/melissa/Documentos/manchester/puzzlebot/build/CMakeFiles/CMakeTmp'
Building C object CMakeFiles/cmTC_46b25.dir/CheckSymbolExists.c.o
/usr/bin/cc    -o CMakeFiles/cmTC_46b25.dir/CheckSymbolExists.c.o   -c /home/melissa/Documentos/manchester/puzzlebot/build/CMakeFiles/CMakeTmp/CheckSymbolExists.c
Linking C executable cmTC_46b25
/usr/bin/cmake -E cmake_link_script CMakeFiles/cmTC_46b25.dir/link.txt --verbose=1
/usr/bin/cc      -rdynamic CMakeFiles/cmTC_46b25.dir/CheckSymbolExists.c.o  -o cmTC_46b25 
CMakeFiles/cmTC_46b25.dir/CheckSymbolExists.c.o: En la funci√≥n `main':
CheckSymbolExists.c:(.text+0x1b): referencia a `pthread_create' sin definir
collect2: error: ld returned 1 exit status
CMakeFiles/cmTC_46b25.dir/build.make:97: fallo en las instrucciones para el objetivo 'cmTC_46b25'
make[1]: *** [cmTC_46b25] Error 1
make[1]: se sale del directorio '/home/melissa/Documentos/manchester/puzzlebot/build/CMakeFiles/CMakeTmp'
Makefile:126: fallo en las instrucciones para el objetivo 'cmTC_46b25/fast'
make: *** [cmTC_46b25/fast] Error 2

File /home/melissa/Documentos/manchester/puzzlebot/build/CMakeFiles/CMakeTmp/CheckSymbolExists.c:
/* */
#include <pthread.h>

int main(int argc, char** argv)
{
  (void)argv;
#ifndef pthread_create
  return ((int*)(&pthread_create))[argc];
#else
  (void)argc;
  return 0;
#endif
}

Determining if the function pthread_create exists in the pthreads failed with the following output:
Change Dir: /home/melissa/Documentos/manchester/puzzlebot/build/CMakeFiles/CMakeTmp

Run Build Command:"/usr/bin/make" "cmTC_5af6c/fast"
/usr/bin/make -f CMakeFiles/cmTC_5af6c.dir/build.make CMakeFiles/cmTC_5af6c.dir/build
make[1]: se entra en el directorio '/home/melissa/Documentos/manchester/puzzlebot/build/CMakeFiles/CMakeTmp'
Building C object CMakeFiles/cmTC_5af6c.dir/CheckFunctionExists.c.o
/usr/bin/cc   -DCHECK_FUNCTION_EXISTS=pthread_create   -o CMakeFiles/cmTC_5af6c.dir/CheckFunctionExists.c.o   -c /usr/share/cmake-3.10/Modules/CheckFunctionExists.c
Linking C executable cmTC_5af6c
/usr/bin/cmake -E cmake_link_script CMakeFiles/cmTC_5af6c.dir/link.txt --verbose=1
/usr/bin/cc  -DCHECK_FUNCTION_EXISTS=pthread_create    -rdynamic CMakeFiles/cmTC_5af6c.dir/CheckFunctionExists.c.o  -o cmTC_5af6c -lpthreads 
/usr/bin/ld: no se puede encontrar -lpthreads
collect2: error: ld returned 1 exit status
CMakeFiles/cmTC_5af6c.dir/build.make:97: fallo en las instrucciones para el objetivo 'cmTC_5af6c'
make[1]: *** [cmTC_5af6c] Error 1
make[1]: se sale del directorio '/home/melissa/Documentos/manchester/puzzlebot/build/CMakeFiles/CMakeTmp'
Makefile:126: fallo en las instrucciones para el objetivo 'cmTC_5af6c/fast'
make: *** [cmTC_5af6c/fast] Error 2


